<?xml version="1.0" encoding="UTF-8"?>
<!-- Generated by org.testng.reporters.JUnitXMLReporter -->
<testsuite ignored="0" hostname="DESKTOP-CFBCV8Q" failures="0" tests="3" name="Test" time="29.705" errors="0" timestamp="2023-08-26T21:36:40 IST">
  <testcase classname="RaahulShettyAcademyy.tests.SubmitOrderTest" name="submitOrder" time="15.807"/>
  <testcase classname="RaahulShettyAcademyy.tests.SubmitOrderTest" name="submitOrder" time="7.836"/>
  <testcase classname="RaahulShettyAcademyy.tests.SubmitOrderTest" name="OrderHistoryTest" time="5.258"/>
</testsuite> <!-- Test -->
