<?xml version="1.0" encoding="UTF-8"?>
<!-- Generated by org.testng.reporters.JUnitXMLReporter -->
<testsuite ignored="0" hostname="DESKTOP-CFBCV8Q" failures="1" tests="3" name="Test1" time="26.77" errors="0" timestamp="2023-08-26T21:36:38 IST">
  <testcase classname="RaahulShettyAcademyy.tests.ErrorValidations" name="LoginErrorValidation" time="12.776">
    <skipped/>
  </testcase> <!-- LoginErrorValidation -->
  <testcase classname="RaahulShettyAcademyy.tests.ErrorValidations" name="LoginErrorValidation" time="7.455">
    <failure type="java.lang.AssertionError" message="expected [Incorrect email or password.] but found [Incorrect email  password.]">
      <![CDATA[java.lang.AssertionError: expected [Incorrect email or password.] but found [Incorrect email  password.]
at RaahulShettyAcademyy.tests.ErrorValidations.LoginErrorValidation(ErrorValidations.java:31)
at java.base/java.util.ArrayList.forEach(ArrayList.java:1511)
at java.base/java.util.concurrent.FutureTask.run(FutureTask.java:264)
at java.base/java.util.concurrent.ThreadPoolExecutor.runWorker(ThreadPoolExecutor.java:1136)
at java.base/java.util.concurrent.ThreadPoolExecutor$Worker.run(ThreadPoolExecutor.java:635)
at java.base/java.lang.Thread.run(Thread.java:833)
... Removed 23 stack frames]]>
    </failure>
  </testcase> <!-- LoginErrorValidation -->
  <testcase classname="RaahulShettyAcademyy.tests.ErrorValidations" name="ProductErrorValidation" time="5.574"/>
</testsuite> <!-- Test1 -->
